Traceback (most recent call last):
  File "/Users/adowling/opt/anaconda3/envs/jbook/lib/python3.9/site-packages/jupyter_cache/executors/utils.py", line 51, in single_nb_execution
    executenb(
  File "/Users/adowling/opt/anaconda3/envs/jbook/lib/python3.9/site-packages/nbclient/client.py", line 1204, in execute
    return NotebookClient(nb=nb, resources=resources, km=km, **kwargs).execute()
  File "/Users/adowling/opt/anaconda3/envs/jbook/lib/python3.9/site-packages/nbclient/util.py", line 84, in wrapped
    return just_run(coro(*args, **kwargs))
  File "/Users/adowling/opt/anaconda3/envs/jbook/lib/python3.9/site-packages/nbclient/util.py", line 62, in just_run
    return loop.run_until_complete(coro)
  File "/Users/adowling/opt/anaconda3/envs/jbook/lib/python3.9/asyncio/base_events.py", line 647, in run_until_complete
    return future.result()
  File "/Users/adowling/opt/anaconda3/envs/jbook/lib/python3.9/site-packages/nbclient/client.py", line 663, in async_execute
    await self.async_execute_cell(
  File "/Users/adowling/opt/anaconda3/envs/jbook/lib/python3.9/site-packages/nbclient/client.py", line 965, in async_execute_cell
    await self._check_raise_for_error(cell, cell_index, exec_reply)
  File "/Users/adowling/opt/anaconda3/envs/jbook/lib/python3.9/site-packages/nbclient/client.py", line 862, in _check_raise_for_error
    raise CellExecutionError.from_cell_and_msg(cell, exec_reply_content)
nbclient.exceptions.CellExecutionError: An error occurred while executing the following cell:
------------------
import math
import numpy as np
import matplotlib.pyplot as plt
#this next line is only needed in iPython notebooks
%matplotlib inline 
import matplotlib
import math
import matplotlib.font_manager as fm
import matplotlib.ticker as mtick

def hide_spines(intx=False,inty=False):
    """Hides the top and rightmost axis spines from view for all active
    figures and their respective axes.
    
    You do not need to understand how this function works. For now, just think
    'this function helps format the plots'.
    """

    # Retrieve a list of all current figures.
    figures = [x for x in matplotlib._pylab_helpers.Gcf.get_all_fig_managers()]
    if (plt.gca().get_legend()):
        plt.setp(plt.gca().get_legend().get_texts(), fontproperties=font, size=18) 
    for figure in figures:
        # Get all Axis instances related to the figure.
        for ax in figure.canvas.figure.get_axes():
            # Disable spines.
            ax.spines['right'].set_color('none')
            ax.spines['top'].set_color('none')
            # Disable ticks.
            ax.xaxis.set_ticks_position('bottom')
            ax.yaxis.set_ticks_position('left')
           # ax.xaxis.set_major_formatter(mtick.FuncFormatter(lambda v,_: ("10$^{%d}$" % math.log(v,10)) ))
            for label in ax.get_xticklabels() :
                label.set_fontproperties(font)
            for label in ax.get_yticklabels() :
                label.set_fontproperties(font)
            #ax.set_xticklabels(ax.get_xticks(), fontproperties = font)
            ax.set_xlabel(ax.get_xlabel(), fontproperties = font)
            ax.set_ylabel(ax.get_ylabel(), fontproperties = font)
            ax.set_title(ax.get_title(), fontproperties = font)
            if (inty):
                ax.yaxis.set_major_formatter(mtick.FormatStrFormatter('%d'))
            if (intx):
                ax.xaxis.set_major_formatter(mtick.FormatStrFormatter('%d'))

# Define the function of interest and its derivates
f = lambda x: np.cos(x)
fprime =  lambda x: -np.sin(x)
fprime2 =  lambda x: -np.cos(x)
fprime3 =  lambda x: np.sin(x)

# Define the domain to investigate x
# Recall the syntax of linspace: start at -1.5 and end at 1.5 with 100 evenly spaced points
x = np.linspace(-1.5,1.5,100)

## Create first figure
plt.figure()

# Plot the true function
plt.plot(x,f(x),label="$\cos \,x$")

# Plot the Taylor series approximation
plt.plot(x,f(0) + x*fprime(0) + x**2/2*fprime2(0) + x**3/6*fprime3(0),
         "--",label="3rd order Taylor Series")
plt.legend(loc="best")
plt.xlabel("x")
plt.ylabel("f(x)")

## end first figure

## Second figure: approximation error versus perturbation size h

# Define the values of h to try. Recall '**' means 'raised to the power'
h = 2**np.array([0,-1.0,-2,-3,-4,-5,-6])

# Create two arrays of zeros to store the results
fapprox = 0*h
fexact = 0*h

# Set counter to zero
count = 0

# Specify value of x to compute approximation error
x = 0.5

# loop over values of h
for i in h:
    
    # calculate approximation for f(x + h)
    fapprox[count] = f(x) + i * fprime(x) + 0.5*i**2*fprime2(x) + 1.0/6.0*i**3*fprime3(x)
    
    # calculate true function value, i.e., f(x+h) 
    fexact[count] = f(x+i)
    
    # increase counter by 1
    count += 1
    
# calculate absolute value of error
errors = np.fabs(fapprox-fexact)

# Create second figure
plt.figure()
plt.loglog(h,errors,'o-')
plt.title("Absolute Error on Log-Log Scale")
plt.xlabel("h")
plt.ylabel("Approximation error near $x$ = " + str(x))
print("The Slope of the error on log-log scale is",(np.log(errors[-1])-np.log(errors[-2]))/(np.log(h[-1])-np.log(h[-2])))

## End second figure

------------------

[0;31m---------------------------------------------------------------------------[0m
[0;31mModuleNotFoundError[0m                       Traceback (most recent call last)
Input [0;32mIn [3][0m, in [0;36m<cell line: 2>[0;34m()[0m
[1;32m      1[0m [38;5;28;01mimport[39;00m [38;5;21;01mmath[39;00m
[0;32m----> 2[0m [38;5;28;01mimport[39;00m [38;5;21;01mnumpy[39;00m [38;5;28;01mas[39;00m [38;5;21;01mnp[39;00m
[1;32m      3[0m [38;5;28;01mimport[39;00m [38;5;21;01mmatplotlib[39;00m[38;5;21;01m.[39;00m[38;5;21;01mpyplot[39;00m [38;5;28;01mas[39;00m [38;5;21;01mplt[39;00m
[1;32m      4[0m [38;5;66;03m#this next line is only needed in iPython notebooks[39;00m

[0;31mModuleNotFoundError[0m: No module named 'numpy'
ModuleNotFoundError: No module named 'numpy'

