Traceback (most recent call last):
  File "/Users/adowling/opt/anaconda3/envs/jbook2/lib/python3.9/site-packages/jupyter_cache/executors/utils.py", line 51, in single_nb_execution
    executenb(
  File "/Users/adowling/opt/anaconda3/envs/jbook2/lib/python3.9/site-packages/nbclient/client.py", line 1204, in execute
    return NotebookClient(nb=nb, resources=resources, km=km, **kwargs).execute()
  File "/Users/adowling/opt/anaconda3/envs/jbook2/lib/python3.9/site-packages/nbclient/util.py", line 84, in wrapped
    return just_run(coro(*args, **kwargs))
  File "/Users/adowling/opt/anaconda3/envs/jbook2/lib/python3.9/site-packages/nbclient/util.py", line 62, in just_run
    return loop.run_until_complete(coro)
  File "/Users/adowling/opt/anaconda3/envs/jbook2/lib/python3.9/asyncio/base_events.py", line 647, in run_until_complete
    return future.result()
  File "/Users/adowling/opt/anaconda3/envs/jbook2/lib/python3.9/site-packages/nbclient/client.py", line 663, in async_execute
    await self.async_execute_cell(
  File "/Users/adowling/opt/anaconda3/envs/jbook2/lib/python3.9/site-packages/nbclient/client.py", line 965, in async_execute_cell
    await self._check_raise_for_error(cell, cell_index, exec_reply)
  File "/Users/adowling/opt/anaconda3/envs/jbook2/lib/python3.9/site-packages/nbclient/client.py", line 862, in _check_raise_for_error
    raise CellExecutionError.from_cell_and_msg(cell, exec_reply_content)
nbclient.exceptions.CellExecutionError: An error occurred while executing the following cell:
------------------
root = inexact_newton(nonlinear_function,-1.5,delta = 1.0e-7, epsilon=1.0e-6, LOUD=True,max_iter=15)
------------------

[0;31m---------------------------------------------------------------------------[0m
[0;31mNameError[0m                                 Traceback (most recent call last)
Input [0;32mIn [4][0m, in [0;36m<cell line: 1>[0;34m()[0m
[0;32m----> 1[0m root [38;5;241m=[39m [43minexact_newton[49m[43m([49m[43mnonlinear_function[49m[43m,[49m[38;5;241;43m-[39;49m[38;5;241;43m1.5[39;49m[43m,[49m[43mdelta[49m[43m [49m[38;5;241;43m=[39;49m[43m [49m[38;5;241;43m1.0e-7[39;49m[43m,[49m[43m [49m[43mepsilon[49m[38;5;241;43m=[39;49m[38;5;241;43m1.0e-6[39;49m[43m,[49m[43m [49m[43mLOUD[49m[38;5;241;43m=[39;49m[38;5;28;43;01mTrue[39;49;00m[43m,[49m[43mmax_iter[49m[38;5;241;43m=[39;49m[38;5;241;43m15[39;49m[43m)[49m

Input [0;32mIn [2][0m, in [0;36minexact_newton[0;34m(f, x0, delta, epsilon, LOUD, max_iter)[0m
[1;32m     34[0m [38;5;66;03m# calculate 'slope' (hint: use formula above)[39;00m
[1;32m     35[0m [38;5;66;03m# Add your solution here[39;00m
[1;32m     37[0m [38;5;28;01mif[39;00m (LOUD):
[0;32m---> 38[0m     [38;5;28mprint[39m([38;5;124m"[39m[38;5;124mx_[39m[38;5;124m"[39m,iterations[38;5;241m+[39m[38;5;241m1[39m,[38;5;124m"[39m[38;5;124m=[39m[38;5;124m"[39m,x,[38;5;124m"[39m[38;5;124m-[39m[38;5;124m"[39m,fx,[38;5;124m"[39m[38;5;124m/[39m[38;5;124m"[39m,[43mslope[49m,[38;5;124m"[39m[38;5;124m=[39m[38;5;124m"[39m,x [38;5;241m-[39m fx[38;5;241m/[39mslope)
[1;32m     39[0m x [38;5;241m=[39m x [38;5;241m-[39m fx[38;5;241m/[39mslope
[1;32m     41[0m iterations [38;5;241m+[39m[38;5;241m=[39m [38;5;241m1[39m

[0;31mNameError[0m: name 'slope' is not defined
NameError: name 'slope' is not defined

