Traceback (most recent call last):
  File "/Users/adowling/opt/anaconda3/envs/jbook/lib/python3.9/site-packages/jupyter_cache/executors/utils.py", line 51, in single_nb_execution
    executenb(
  File "/Users/adowling/opt/anaconda3/envs/jbook/lib/python3.9/site-packages/nbclient/client.py", line 1204, in execute
    return NotebookClient(nb=nb, resources=resources, km=km, **kwargs).execute()
  File "/Users/adowling/opt/anaconda3/envs/jbook/lib/python3.9/site-packages/nbclient/util.py", line 84, in wrapped
    return just_run(coro(*args, **kwargs))
  File "/Users/adowling/opt/anaconda3/envs/jbook/lib/python3.9/site-packages/nbclient/util.py", line 62, in just_run
    return loop.run_until_complete(coro)
  File "/Users/adowling/opt/anaconda3/envs/jbook/lib/python3.9/asyncio/base_events.py", line 647, in run_until_complete
    return future.result()
  File "/Users/adowling/opt/anaconda3/envs/jbook/lib/python3.9/site-packages/nbclient/client.py", line 663, in async_execute
    await self.async_execute_cell(
  File "/Users/adowling/opt/anaconda3/envs/jbook/lib/python3.9/site-packages/nbclient/client.py", line 965, in async_execute_cell
    await self._check_raise_for_error(cell, cell_index, exec_reply)
  File "/Users/adowling/opt/anaconda3/envs/jbook/lib/python3.9/site-packages/nbclient/client.py", line 862, in _check_raise_for_error
    raise CellExecutionError.from_cell_and_msg(cell, exec_reply_content)
nbclient.exceptions.CellExecutionError: An error occurred while executing the following cell:
------------------
two_by_two_solver(0,1,2,1,0,3,True)
------------------

[0;31m---------------------------------------------------------------------------[0m
[0;31mZeroDivisionError[0m                         Traceback (most recent call last)
Input [0;32mIn [6][0m, in [0;36m<cell line: 1>[0;34m()[0m
[0;32m----> 1[0m [43mtwo_by_two_solver[49m[43m([49m[38;5;241;43m0[39;49m[43m,[49m[38;5;241;43m1[39;49m[43m,[49m[38;5;241;43m2[39;49m[43m,[49m[38;5;241;43m1[39;49m[43m,[49m[38;5;241;43m0[39;49m[43m,[49m[38;5;241;43m3[39;49m[43m,[49m[38;5;28;43;01mTrue[39;49;00m[43m)[49m

Input [0;32mIn [3][0m, in [0;36mtwo_by_two_solver[0;34m(a1, b1, c1, a2, b2, c2, LOUD)[0m
[1;32m      2[0m [38;5;124;03m"""Calculate the solution of the system [39;00m
[1;32m      3[0m [38;5;124;03ma1 x + b1 y = c1, [39;00m
[1;32m      4[0m [38;5;124;03ma2 x + b2 y = c2[39;00m
[0;32m   (...)[0m
[1;32m     16[0m [38;5;124;03m    list containing the solution in the format [x,y][39;00m
[1;32m     17[0m [38;5;124;03m"""[39;00m
[1;32m     18[0m [38;5;66;03m#step one, eliminate x from the second equation by [39;00m
[1;32m     19[0m [38;5;66;03m#multiplying first equation by -a2/a1[39;00m
[1;32m     20[0m [38;5;66;03m#and then adding it to second equation[39;00m
[0;32m---> 21[0m new_b2 [38;5;241m=[39m b2 [38;5;241m-[39m [43ma2[49m[38;5;241;43m/[39;49m[43ma1[49m[38;5;241m*[39mb1
[1;32m     22[0m new_c2 [38;5;241m=[39m c2 [38;5;241m-[39m a2[38;5;241m/[39ma1[38;5;241m*[39mc1
[1;32m     23[0m [38;5;66;03m#solve the new equation 2[39;00m

[0;31mZeroDivisionError[0m: division by zero
ZeroDivisionError: division by zero

