Traceback (most recent call last):
  File "/Users/adowling/opt/anaconda3/envs/jbook/lib/python3.10/site-packages/jupyter_cache/executors/utils.py", line 51, in single_nb_execution
    executenb(
  File "/Users/adowling/opt/anaconda3/envs/jbook/lib/python3.10/site-packages/nbclient/client.py", line 1204, in execute
    return NotebookClient(nb=nb, resources=resources, km=km, **kwargs).execute()
  File "/Users/adowling/opt/anaconda3/envs/jbook/lib/python3.10/site-packages/nbclient/util.py", line 84, in wrapped
    return just_run(coro(*args, **kwargs))
  File "/Users/adowling/opt/anaconda3/envs/jbook/lib/python3.10/site-packages/nbclient/util.py", line 62, in just_run
    return loop.run_until_complete(coro)
  File "/Users/adowling/opt/anaconda3/envs/jbook/lib/python3.10/asyncio/base_events.py", line 646, in run_until_complete
    return future.result()
  File "/Users/adowling/opt/anaconda3/envs/jbook/lib/python3.10/site-packages/nbclient/client.py", line 663, in async_execute
    await self.async_execute_cell(
  File "/Users/adowling/opt/anaconda3/envs/jbook/lib/python3.10/site-packages/nbclient/client.py", line 965, in async_execute_cell
    await self._check_raise_for_error(cell, cell_index, exec_reply)
  File "/Users/adowling/opt/anaconda3/envs/jbook/lib/python3.10/site-packages/nbclient/client.py", line 862, in _check_raise_for_error
    raise CellExecutionError.from_cell_and_msg(cell, exec_reply_content)
nbclient.exceptions.CellExecutionError: An error occurred while executing the following cell:
------------------
import csv
element_dict = {} #create a blank dictionary

# this block will only execute if the file opens
with open('./data/ChemicalSymbols.csv') as csvfile: 
    chemreader = csv.reader(csvfile)
    for row in chemreader: # have for loop that loops over each line
        element_dict[row[0]] = row[1] # add a key:value pair

# Ask user to enter a chemical symbol        
key = input("Enter a valid chemical symbol: ")
if key in element_dict:
    print(key,"is",element_dict[key])
else:
    print("Not a valid element")
------------------

[0;31m---------------------------------------------------------------------------[0m
[0;31mFileNotFoundError[0m                         Traceback (most recent call last)
Input [0;32mIn [17][0m, in [0;36m<cell line: 5>[0;34m()[0m
[1;32m      2[0m element_dict [38;5;241m=[39m {} [38;5;66;03m#create a blank dictionary[39;00m
[1;32m      4[0m [38;5;66;03m# this block will only execute if the file opens[39;00m
[0;32m----> 5[0m [38;5;28;01mwith[39;00m [38;5;28;43mopen[39;49m[43m([49m[38;5;124;43m'[39;49m[38;5;124;43m./data/ChemicalSymbols.csv[39;49m[38;5;124;43m'[39;49m[43m)[49m [38;5;28;01mas[39;00m csvfile: 
[1;32m      6[0m     chemreader [38;5;241m=[39m csv[38;5;241m.[39mreader(csvfile)
[1;32m      7[0m     [38;5;28;01mfor[39;00m row [38;5;129;01min[39;00m chemreader: [38;5;66;03m# have for loop that loops over each line[39;00m

[0;31mFileNotFoundError[0m: [Errno 2] No such file or directory: './data/ChemicalSymbols.csv'
FileNotFoundError: [Errno 2] No such file or directory: './data/ChemicalSymbols.csv'

