Traceback (most recent call last):
  File "/Users/adowling/opt/anaconda3/envs/jbook/lib/python3.10/site-packages/jupyter_cache/executors/utils.py", line 51, in single_nb_execution
    executenb(
  File "/Users/adowling/opt/anaconda3/envs/jbook/lib/python3.10/site-packages/nbclient/client.py", line 1204, in execute
    return NotebookClient(nb=nb, resources=resources, km=km, **kwargs).execute()
  File "/Users/adowling/opt/anaconda3/envs/jbook/lib/python3.10/site-packages/nbclient/util.py", line 84, in wrapped
    return just_run(coro(*args, **kwargs))
  File "/Users/adowling/opt/anaconda3/envs/jbook/lib/python3.10/site-packages/nbclient/util.py", line 62, in just_run
    return loop.run_until_complete(coro)
  File "/Users/adowling/opt/anaconda3/envs/jbook/lib/python3.10/asyncio/base_events.py", line 646, in run_until_complete
    return future.result()
  File "/Users/adowling/opt/anaconda3/envs/jbook/lib/python3.10/site-packages/nbclient/client.py", line 663, in async_execute
    await self.async_execute_cell(
  File "/Users/adowling/opt/anaconda3/envs/jbook/lib/python3.10/site-packages/nbclient/client.py", line 965, in async_execute_cell
    await self._check_raise_for_error(cell, cell_index, exec_reply)
  File "/Users/adowling/opt/anaconda3/envs/jbook/lib/python3.10/site-packages/nbclient/client.py", line 862, in _check_raise_for_error
    raise CellExecutionError.from_cell_and_msg(cell, exec_reply_content)
nbclient.exceptions.CellExecutionError: An error occurred while executing the following cell:
------------------
x = np.array([1,2.5,5])
y = np.array([4,6,7,9.0])
print(x+y)
------------------

[0;31m---------------------------------------------------------------------------[0m
[0;31mValueError[0m                                Traceback (most recent call last)
Input [0;32mIn [25][0m, in [0;36m<cell line: 3>[0;34m()[0m
[1;32m      1[0m x [38;5;241m=[39m np[38;5;241m.[39marray([[38;5;241m1[39m,[38;5;241m2.5[39m,[38;5;241m5[39m])
[1;32m      2[0m y [38;5;241m=[39m np[38;5;241m.[39marray([[38;5;241m4[39m,[38;5;241m6[39m,[38;5;241m7[39m,[38;5;241m9.0[39m])
[0;32m----> 3[0m [38;5;28mprint[39m([43mx[49m[38;5;241;43m+[39;49m[43my[49m)

[0;31mValueError[0m: operands could not be broadcast together with shapes (3,) (4,) 
ValueError: operands could not be broadcast together with shapes (3,) (4,) 

